[2019-08-07 14:49:01:703-main] [INFO] - org.springframework.core.KotlinDetector.<clinit>(KotlinDetector.java:57) - Kotlin reflection implementation not found at runtime, related features won't be available.
[2019-08-07 14:49:01:816-main] [INFO] - org.springframework.test.context.support.AbstractTestContextBootstrapper.getDefaultTestExecutionListenerClassNames(AbstractTestContextBootstrapper.java:248) - Loaded default TestExecutionListener class names from location [META-INF/spring.factories]: [org.springframework.test.context.web.ServletTestExecutionListener, org.springframework.test.context.support.DirtiesContextBeforeModesTestExecutionListener, org.springframework.test.context.support.DependencyInjectionTestExecutionListener, org.springframework.test.context.support.DirtiesContextTestExecutionListener, org.springframework.test.context.transaction.TransactionalTestExecutionListener, org.springframework.test.context.jdbc.SqlScriptsTestExecutionListener]
[2019-08-07 14:49:01:838-main] [INFO] - org.springframework.test.context.support.AbstractTestContextBootstrapper.getTestExecutionListeners(AbstractTestContextBootstrapper.java:177) - Using TestExecutionListeners: [org.springframework.test.context.web.ServletTestExecutionListener@4135c3b, org.springframework.test.context.support.DirtiesContextBeforeModesTestExecutionListener@6302bbb1, org.springframework.test.context.support.DependencyInjectionTestExecutionListener@31304f14, org.springframework.test.context.support.DirtiesContextTestExecutionListener@34a3d150, org.springframework.test.context.transaction.TransactionalTestExecutionListener@2a4fb17b, org.springframework.test.context.jdbc.SqlScriptsTestExecutionListener@5c6648b0]
[2019-08-07 14:49:02:536-main] [INFO] - org.springframework.scheduling.concurrent.ExecutorConfigurationSupport.initialize(ExecutorConfigurationSupport.java:171) - Initializing ExecutorService 'taskExecutor'
[2019-08-07 14:49:02:545-main] [INFO] - org.springframework.scheduling.concurrent.ExecutorConfigurationSupport.initialize(ExecutorConfigurationSupport.java:171) - Initializing ExecutorService
[2019-08-07 14:49:02:548-main] [INFO] - org.springframework.scheduling.concurrent.ExecutorConfigurationSupport.initialize(ExecutorConfigurationSupport.java:171) - Initializing ExecutorService 'taskExecutor1'
[2019-08-07 14:49:02:550-main] [INFO] - org.springframework.scheduling.concurrent.ExecutorConfigurationSupport.initialize(ExecutorConfigurationSupport.java:171) - Initializing ExecutorService 'taskExecutor2'
[2019-08-07 14:49:02:552-main] [INFO] - org.springframework.scheduling.concurrent.ExecutorConfigurationSupport.initialize(ExecutorConfigurationSupport.java:171) - Initializing ExecutorService 'taskExecutor3'
[2019-08-07 14:49:02:553-main] [INFO] - org.springframework.scheduling.concurrent.ExecutorConfigurationSupport.initialize(ExecutorConfigurationSupport.java:171) - Initializing ExecutorService 'taskExecutor4'
[2019-08-07 14:49:06:612-Thread-1] [INFO] - org.springframework.scheduling.concurrent.ExecutorConfigurationSupport.shutdown(ExecutorConfigurationSupport.java:208) - Shutting down ExecutorService 'taskExecutor4'
[2019-08-07 14:49:06:612-Thread-1] [INFO] - org.springframework.scheduling.concurrent.ExecutorConfigurationSupport.shutdown(ExecutorConfigurationSupport.java:208) - Shutting down ExecutorService 'taskExecutor3'
[2019-08-07 14:49:06:613-Thread-1] [INFO] - org.springframework.scheduling.concurrent.ExecutorConfigurationSupport.shutdown(ExecutorConfigurationSupport.java:208) - Shutting down ExecutorService 'taskExecutor2'
[2019-08-07 14:49:06:614-Thread-1] [INFO] - org.springframework.scheduling.concurrent.ExecutorConfigurationSupport.shutdown(ExecutorConfigurationSupport.java:208) - Shutting down ExecutorService 'taskExecutor1'
[2019-08-07 14:49:06:614-Thread-1] [INFO] - org.springframework.scheduling.concurrent.ExecutorConfigurationSupport.shutdown(ExecutorConfigurationSupport.java:208) - Shutting down ExecutorService
[2019-08-07 14:49:06:614-Thread-1] [INFO] - org.springframework.scheduling.concurrent.ExecutorConfigurationSupport.shutdown(ExecutorConfigurationSupport.java:208) - Shutting down ExecutorService 'taskExecutor'
[2019-08-07 14:49:47:492-main] [INFO] - org.springframework.core.KotlinDetector.<clinit>(KotlinDetector.java:57) - Kotlin reflection implementation not found at runtime, related features won't be available.
[2019-08-07 14:49:47:570-main] [INFO] - org.springframework.test.context.support.AbstractTestContextBootstrapper.getDefaultTestExecutionListenerClassNames(AbstractTestContextBootstrapper.java:248) - Loaded default TestExecutionListener class names from location [META-INF/spring.factories]: [org.springframework.test.context.web.ServletTestExecutionListener, org.springframework.test.context.support.DirtiesContextBeforeModesTestExecutionListener, org.springframework.test.context.support.DependencyInjectionTestExecutionListener, org.springframework.test.context.support.DirtiesContextTestExecutionListener, org.springframework.test.context.transaction.TransactionalTestExecutionListener, org.springframework.test.context.jdbc.SqlScriptsTestExecutionListener]
[2019-08-07 14:49:47:586-main] [INFO] - org.springframework.test.context.support.AbstractTestContextBootstrapper.getTestExecutionListeners(AbstractTestContextBootstrapper.java:177) - Using TestExecutionListeners: [org.springframework.test.context.web.ServletTestExecutionListener@18078bef, org.springframework.test.context.support.DirtiesContextBeforeModesTestExecutionListener@799f10e1, org.springframework.test.context.support.DependencyInjectionTestExecutionListener@4c371370, org.springframework.test.context.support.DirtiesContextTestExecutionListener@145f66e3, org.springframework.test.context.transaction.TransactionalTestExecutionListener@3023df74, org.springframework.test.context.jdbc.SqlScriptsTestExecutionListener@313ac989]
[2019-08-07 14:49:48:170-main] [INFO] - org.springframework.scheduling.concurrent.ExecutorConfigurationSupport.initialize(ExecutorConfigurationSupport.java:171) - Initializing ExecutorService 'taskExecutor'
[2019-08-07 14:49:48:185-main] [INFO] - org.springframework.scheduling.concurrent.ExecutorConfigurationSupport.initialize(ExecutorConfigurationSupport.java:171) - Initializing ExecutorService
[2019-08-07 14:49:48:188-main] [INFO] - org.springframework.scheduling.concurrent.ExecutorConfigurationSupport.initialize(ExecutorConfigurationSupport.java:171) - Initializing ExecutorService 'taskExecutor1'
[2019-08-07 14:49:48:191-main] [INFO] - org.springframework.scheduling.concurrent.ExecutorConfigurationSupport.initialize(ExecutorConfigurationSupport.java:171) - Initializing ExecutorService 'taskExecutor2'
[2019-08-07 14:49:48:193-main] [INFO] - org.springframework.scheduling.concurrent.ExecutorConfigurationSupport.initialize(ExecutorConfigurationSupport.java:171) - Initializing ExecutorService 'taskExecutor3'
[2019-08-07 14:49:48:195-main] [INFO] - org.springframework.scheduling.concurrent.ExecutorConfigurationSupport.initialize(ExecutorConfigurationSupport.java:171) - Initializing ExecutorService 'taskExecutor4'
[2019-08-07 14:49:52:269-Thread-1] [INFO] - org.springframework.scheduling.concurrent.ExecutorConfigurationSupport.shutdown(ExecutorConfigurationSupport.java:208) - Shutting down ExecutorService 'taskExecutor4'
[2019-08-07 14:49:52:270-Thread-1] [INFO] - org.springframework.scheduling.concurrent.ExecutorConfigurationSupport.shutdown(ExecutorConfigurationSupport.java:208) - Shutting down ExecutorService 'taskExecutor3'
[2019-08-07 14:49:52:271-Thread-1] [INFO] - org.springframework.scheduling.concurrent.ExecutorConfigurationSupport.shutdown(ExecutorConfigurationSupport.java:208) - Shutting down ExecutorService 'taskExecutor2'
[2019-08-07 14:49:52:272-Thread-1] [INFO] - org.springframework.scheduling.concurrent.ExecutorConfigurationSupport.shutdown(ExecutorConfigurationSupport.java:208) - Shutting down ExecutorService 'taskExecutor1'
[2019-08-07 14:49:52:272-Thread-1] [INFO] - org.springframework.scheduling.concurrent.ExecutorConfigurationSupport.shutdown(ExecutorConfigurationSupport.java:208) - Shutting down ExecutorService
[2019-08-07 14:49:52:273-Thread-1] [INFO] - org.springframework.scheduling.concurrent.ExecutorConfigurationSupport.shutdown(ExecutorConfigurationSupport.java:208) - Shutting down ExecutorService 'taskExecutor'
